UPDATE 23.03.2026 14:50:41,20 
Excel: Z:\integrated\main.xlsx 
CANCELLED 
UPDATE 23.03.2026 14:51:59,48 
Excel: Z:\integrated\Priyomka17.03.26.xlsx 
CANCELLED 
UPDATE 23.03.2026 14:52:34,40 
Excel: Z:\integrated\main.xlsx 
CANCELLED 
UPDATE 23.03.2026 14:54:06,54 
Excel: Z:\integrated\main.xlsx 
UPDATE 23.03.2026 14:55:57,96 
Excel: Z:\integrated\main.xlsx 
CANCELLED 
UPDATE 23.03.2026 15:02:53,37 
Excel: Z:\integrated\Priyomka17.03.26.xlsx 
INSERT_EXIT: 0 
DONE 
UPDATE 23.03.2026 15:03:39,21 
Excel: Z:\integrated\Dodatok.xlsx 
INSERT_EXIT: 0 
DONE 
UPDATE 23.03.2026 15:08:33,36 
Excel: Z:\integrated\main.xlsx 
INSERT_EXIT: 0 
DONE 
